
> mindscape-site@0.1.0 dev
> next dev

▲ Next.js 16.1.5 (Turbopack)
- Local:         http://localhost:3000
- Network:       http://192.168.1.92:3000

✓ Starting...
✓ Ready in 428ms
 GET /courses/expanding-therapeutic-horizons 200 in 339ms
 GET /courses/expanding-therapeutic-horizons 200 in 371ms (compile: 319ms, generate-params: 317ms, render: 51ms)
 GET / 200 in 29ms (compile: 11ms, render: 18ms)
 GET /api/youtube 200 in 480ms (compile: 35ms, render: 446ms)
 GET /api/youtube 200 in 456ms (compile: 1611µs, render: 454ms)
 HEAD / 200 in 144ms (compile: 1560µs, render: 142ms)
 HEAD /courses/5-meo-dmt-facilitation 200 in 52ms (compile: 5ms, generate-params: 4ms, render: 47ms)
 HEAD /apply 200 in 404ms (compile: 351ms, render: 53ms)
 GET /coaching 200 in 26ms (compile: 16ms, render: 10ms)
 GET / 200 in 17ms (compile: 1533µs, render: 15ms)
 GET /api/youtube 200 in 5ms (compile: 1472µs, render: 3ms)
 GET /api/youtube 200 in 3ms (compile: 995µs, render: 2ms)
 GET /apply 200 in 17ms (compile: 1565µs, render: 16ms)
 GET / 200 in 16ms (compile: 1333µs, render: 14ms)
 GET /api/youtube 200 in 4ms (compile: 1596µs, render: 2ms)
 GET /api/youtube 200 in 4ms (compile: 1051µs, render: 3ms)
✓ Compiled in 74ms
✓ Compiled in 30ms
✓ Compiled in 27ms
 GET / 200 in 50ms (compile: 21ms, render: 29ms)
 GET / 200 in 20ms (compile: 1240µs, render: 19ms)
✓ Compiled in 25ms
 GET / 200 in 45ms (compile: 21ms, render: 25ms)
✓ Compiled in 24ms
✓ Compiled in 25ms
✓ Compiled in 24ms
 GET / 200 in 40ms (compile: 19ms, render: 22ms)
✓ Compiled in 25ms
✓ Compiled in 24ms
✓ Compiled in 28ms
✓ Compiled in 30ms
 GET /?program=masterclasses 200 in 35ms (compile: 18ms, render: 17ms)
 HEAD /?program=books 200 in 104ms (compile: 1276µs, render: 103ms)
 HEAD /apply 200 in 95ms (compile: 24ms, render: 71ms)
 HEAD /courses/5-meo-dmt-facilitation 200 in 100ms (compile: 27ms, generate-params: 5ms, render: 73ms)
 GET /?program=books 200 in 19ms (compile: 1701µs, render: 17ms)
 GET /?program=books 200 in 17ms (compile: 1647µs, render: 15ms)
 GET /?program=certifications 200 in 16ms (compile: 1297µs, render: 15ms)
✓ Compiled in 24ms
 GET /?program=masterclasses 200 in 37ms (compile: 18ms, render: 19ms)
 HEAD /?program=masterclasses 200 in 101ms (compile: 1398µs, render: 99ms)
 GET /?program=certifications 200 in 13ms (compile: 1311µs, render: 12ms)
 GET /?program=masterclasses 200 in 14ms (compile: 1183µs, render: 12ms)
 GET /?program=all 200 in 17ms (compile: 1728µs, render: 15ms)
 GET /?program=books 200 in 15ms (compile: 1348µs, render: 13ms)
 GET /?program=masterclasses 200 in 15ms (compile: 1330µs, render: 14ms)
 GET /?program=certifications 200 in 15ms (compile: 1357µs, render: 14ms)
 GET /?program=all 200 in 15ms (compile: 1367µs, render: 13ms)
✓ Compiled in 26ms
✓ Compiled in 25ms
✓ Compiled in 25ms
 GET /?program=all 200 in 59ms (compile: 28ms, render: 31ms)
